mode: set
github.com/nashmaniac/leetcode/golang/138_copy_list_with_random_pointer.go:3.39,8.39 3 0
github.com/nashmaniac/leetcode/golang/138_copy_list_with_random_pointer.go:16.2,16.45 1 0
github.com/nashmaniac/leetcode/golang/138_copy_list_with_random_pointer.go:25.2,25.20 1 0
github.com/nashmaniac/leetcode/golang/138_copy_list_with_random_pointer.go:8.39,14.3 4 0
github.com/nashmaniac/leetcode/golang/138_copy_list_with_random_pointer.go:16.45,17.13 1 0
github.com/nashmaniac/leetcode/golang/138_copy_list_with_random_pointer.go:20.3,22.6 3 0
github.com/nashmaniac/leetcode/golang/138_copy_list_with_random_pointer.go:17.13,19.4 1 0
github.com/nashmaniac/leetcode/golang/21_merge_two_sorted_linkedlist.go:3.64,7.35 3 0
github.com/nashmaniac/leetcode/golang/21_merge_two_sorted_linkedlist.go:18.2,18.18 1 0
github.com/nashmaniac/leetcode/golang/21_merge_two_sorted_linkedlist.go:21.2,21.18 1 0
github.com/nashmaniac/leetcode/golang/21_merge_two_sorted_linkedlist.go:25.2,25.18 1 0
github.com/nashmaniac/leetcode/golang/21_merge_two_sorted_linkedlist.go:7.35,8.28 1 0
github.com/nashmaniac/leetcode/golang/21_merge_two_sorted_linkedlist.go:15.3,15.21 1 0
github.com/nashmaniac/leetcode/golang/21_merge_two_sorted_linkedlist.go:8.28,11.4 2 0
github.com/nashmaniac/leetcode/golang/21_merge_two_sorted_linkedlist.go:11.9,14.4 2 0
github.com/nashmaniac/leetcode/golang/21_merge_two_sorted_linkedlist.go:18.18,20.3 1 0
github.com/nashmaniac/leetcode/golang/21_merge_two_sorted_linkedlist.go:21.18,23.3 1 0
github.com/nashmaniac/leetcode/golang/322_coin_change.go:6.69,9.32 2 0
github.com/nashmaniac/leetcode/golang/322_coin_change.go:12.2,14.32 2 0
github.com/nashmaniac/leetcode/golang/322_coin_change.go:22.2,22.32 1 0
github.com/nashmaniac/leetcode/golang/322_coin_change.go:25.2,25.23 1 0
github.com/nashmaniac/leetcode/golang/322_coin_change.go:9.32,11.3 1 0
github.com/nashmaniac/leetcode/golang/322_coin_change.go:14.32,15.35 1 0
github.com/nashmaniac/leetcode/golang/322_coin_change.go:15.35,16.21 1 0
github.com/nashmaniac/leetcode/golang/322_coin_change.go:16.21,18.5 1 0
github.com/nashmaniac/leetcode/golang/322_coin_change.go:22.32,24.3 1 0
github.com/nashmaniac/leetcode/golang/322_coin_change.go:28.29,29.11 1 0
github.com/nashmaniac/leetcode/golang/322_coin_change.go:32.2,32.10 1 0
github.com/nashmaniac/leetcode/golang/322_coin_change.go:29.11,31.3 1 0
github.com/nashmaniac/leetcode/golang/322_coin_change.go:35.46,38.2 2 0
github.com/nashmaniac/leetcode/golang/1_two_sum.go:3.43,5.33 2 0
github.com/nashmaniac/leetcode/golang/1_two_sum.go:14.2,14.22 1 0
github.com/nashmaniac/leetcode/golang/1_two_sum.go:5.33,7.41 2 0
github.com/nashmaniac/leetcode/golang/1_two_sum.go:7.41,9.4 1 0
github.com/nashmaniac/leetcode/golang/1_two_sum.go:9.9,11.4 1 0
github.com/nashmaniac/leetcode/golang/213_house_robber_ii.go:6.33,11.35 4 0
github.com/nashmaniac/leetcode/golang/213_house_robber_ii.go:14.2,14.15 1 0
github.com/nashmaniac/leetcode/golang/213_house_robber_ii.go:11.35,13.3 1 0
github.com/nashmaniac/leetcode/golang/213_house_robber_ii.go:17.59,18.20 1 0
github.com/nashmaniac/leetcode/golang/213_house_robber_ii.go:22.2,22.20 1 0
github.com/nashmaniac/leetcode/golang/213_house_robber_ii.go:26.2,29.96 3 0
github.com/nashmaniac/leetcode/golang/213_house_robber_ii.go:18.20,20.3 1 0
github.com/nashmaniac/leetcode/golang/213_house_robber_ii.go:22.20,24.3 1 0
github.com/nashmaniac/leetcode/golang/213_house_robber_ii.go:32.28,35.2 2 0
github.com/nashmaniac/leetcode/golang/2_add_two_numbers.go:6.80,12.29 4 0
github.com/nashmaniac/leetcode/golang/2_add_two_numbers.go:21.2,21.15 1 0
github.com/nashmaniac/leetcode/golang/2_add_two_numbers.go:31.2,31.15 1 0
github.com/nashmaniac/leetcode/golang/2_add_two_numbers.go:41.2,41.15 1 0
github.com/nashmaniac/leetcode/golang/2_add_two_numbers.go:45.2,45.22 1 0
github.com/nashmaniac/leetcode/golang/2_add_two_numbers.go:12.29,19.3 6 0
github.com/nashmaniac/leetcode/golang/2_add_two_numbers.go:21.15,22.17 1 0
github.com/nashmaniac/leetcode/golang/2_add_two_numbers.go:22.17,28.4 5 0
github.com/nashmaniac/leetcode/golang/2_add_two_numbers.go:31.15,32.17 1 0
github.com/nashmaniac/leetcode/golang/2_add_two_numbers.go:32.17,38.4 5 0
github.com/nashmaniac/leetcode/golang/2_add_two_numbers.go:41.15,44.3 2 0
github.com/nashmaniac/leetcode/golang/2_add_two_numbers.go:48.58,51.2 2 0
github.com/nashmaniac/leetcode/golang/3_longest_substring_without_duplicate.go:6.73,11.30 4 0
github.com/nashmaniac/leetcode/golang/3_longest_substring_without_duplicate.go:19.2,19.18 1 0
github.com/nashmaniac/leetcode/golang/3_longest_substring_without_duplicate.go:11.30,12.41 1 0
github.com/nashmaniac/leetcode/golang/3_longest_substring_without_duplicate.go:15.3,17.20 3 0
github.com/nashmaniac/leetcode/golang/3_longest_substring_without_duplicate.go:12.41,14.4 1 0
github.com/nashmaniac/leetcode/golang/3_longest_substring_without_duplicate.go:22.45,25.2 2 0
github.com/nashmaniac/leetcode/golang/62_unique_paths.go:8.36,11.25 2 1
github.com/nashmaniac/leetcode/golang/62_unique_paths.go:17.2,17.25 1 1
github.com/nashmaniac/leetcode/golang/62_unique_paths.go:20.2,20.25 1 1
github.com/nashmaniac/leetcode/golang/62_unique_paths.go:23.2,27.25 3 1
github.com/nashmaniac/leetcode/golang/62_unique_paths.go:34.2,34.25 1 1
github.com/nashmaniac/leetcode/golang/62_unique_paths.go:11.25,13.26 2 1
github.com/nashmaniac/leetcode/golang/62_unique_paths.go:13.26,15.4 1 1
github.com/nashmaniac/leetcode/golang/62_unique_paths.go:17.25,19.3 1 1
github.com/nashmaniac/leetcode/golang/62_unique_paths.go:20.25,22.3 1 1
github.com/nashmaniac/leetcode/golang/62_unique_paths.go:27.25,28.26 1 1
github.com/nashmaniac/leetcode/golang/62_unique_paths.go:28.26,31.4 2 1
github.com/nashmaniac/leetcode/golang/62_unique_paths.go:37.32,39.2 1 1
github.com/nashmaniac/leetcode/golang/0_models.go:20.24,21.11 1 0
github.com/nashmaniac/leetcode/golang/0_models.go:24.2,24.10 1 0
github.com/nashmaniac/leetcode/golang/0_models.go:21.11,23.3 1 0
github.com/nashmaniac/leetcode/golang/0_models.go:27.24,28.11 1 0
github.com/nashmaniac/leetcode/golang/0_models.go:31.2,31.10 1 0
github.com/nashmaniac/leetcode/golang/0_models.go:28.11,30.3 1 0
github.com/nashmaniac/leetcode/golang/102_binary_tree_level_order_traversal.go:8.41,10.17 2 0
github.com/nashmaniac/leetcode/golang/102_binary_tree_level_order_traversal.go:13.2,19.21 3 0
github.com/nashmaniac/leetcode/golang/102_binary_tree_level_order_traversal.go:40.2,40.12 1 0
github.com/nashmaniac/leetcode/golang/102_binary_tree_level_order_traversal.go:10.17,12.3 1 0
github.com/nashmaniac/leetcode/golang/102_binary_tree_level_order_traversal.go:19.21,21.36 2 0
github.com/nashmaniac/leetcode/golang/102_binary_tree_level_order_traversal.go:24.3,25.35 2 0
github.com/nashmaniac/leetcode/golang/102_binary_tree_level_order_traversal.go:31.3,31.36 1 0
github.com/nashmaniac/leetcode/golang/102_binary_tree_level_order_traversal.go:38.3,38.20 1 0
github.com/nashmaniac/leetcode/golang/102_binary_tree_level_order_traversal.go:21.36,23.4 1 0
github.com/nashmaniac/leetcode/golang/102_binary_tree_level_order_traversal.go:25.35,30.4 1 0
github.com/nashmaniac/leetcode/golang/102_binary_tree_level_order_traversal.go:31.36,36.4 1 0
github.com/nashmaniac/leetcode/golang/121_best_time_to_buy_and_sell_stock.go:8.67,12.35 3 0
github.com/nashmaniac/leetcode/golang/121_best_time_to_buy_and_sell_stock.go:16.2,16.17 1 0
github.com/nashmaniac/leetcode/golang/121_best_time_to_buy_and_sell_stock.go:12.35,15.3 2 0
github.com/nashmaniac/leetcode/golang/121_best_time_to_buy_and_sell_stock.go:19.34,22.2 2 0
github.com/nashmaniac/leetcode/golang/83_remove_duplicates_from_sorted_list.go:6.86,7.17 1 0
github.com/nashmaniac/leetcode/golang/83_remove_duplicates_from_sorted_list.go:10.2,11.44 2 0
github.com/nashmaniac/leetcode/golang/83_remove_duplicates_from_sorted_list.go:17.2,17.13 1 0
github.com/nashmaniac/leetcode/golang/83_remove_duplicates_from_sorted_list.go:7.17,9.3 1 0
github.com/nashmaniac/leetcode/golang/83_remove_duplicates_from_sorted_list.go:11.44,12.62 1 0
github.com/nashmaniac/leetcode/golang/83_remove_duplicates_from_sorted_list.go:15.3,15.25 1 0
github.com/nashmaniac/leetcode/golang/83_remove_duplicates_from_sorted_list.go:12.62,14.4 1 0
github.com/nashmaniac/leetcode/golang/83_remove_duplicates_from_sorted_list.go:20.49,23.2 2 0
github.com/nashmaniac/leetcode/golang/98_validate_bst.go:5.63,6.17 1 0
github.com/nashmaniac/leetcode/golang/98_validate_bst.go:10.2,10.50 1 0
github.com/nashmaniac/leetcode/golang/98_validate_bst.go:14.2,14.90 1 0
github.com/nashmaniac/leetcode/golang/98_validate_bst.go:6.17,8.3 1 0
github.com/nashmaniac/leetcode/golang/98_validate_bst.go:10.50,12.3 1 0
github.com/nashmaniac/leetcode/golang/98_validate_bst.go:17.38,19.2 1 0
github.com/nashmaniac/leetcode/golang/53_maximum_subarray.go:6.61,7.20 1 0
github.com/nashmaniac/leetcode/golang/53_maximum_subarray.go:10.2,10.20 1 0
github.com/nashmaniac/leetcode/golang/53_maximum_subarray.go:13.2,15.33 3 0
github.com/nashmaniac/leetcode/golang/53_maximum_subarray.go:18.2,19.27 2 0
github.com/nashmaniac/leetcode/golang/53_maximum_subarray.go:22.2,22.17 1 0
github.com/nashmaniac/leetcode/golang/53_maximum_subarray.go:7.20,9.3 1 0
github.com/nashmaniac/leetcode/golang/53_maximum_subarray.go:10.20,12.3 1 0
github.com/nashmaniac/leetcode/golang/53_maximum_subarray.go:15.33,17.3 1 0
github.com/nashmaniac/leetcode/golang/53_maximum_subarray.go:19.27,21.3 1 0
github.com/nashmaniac/leetcode/golang/53_maximum_subarray.go:25.61,27.20 2 0
github.com/nashmaniac/leetcode/golang/53_maximum_subarray.go:30.2,32.33 3 0
github.com/nashmaniac/leetcode/golang/53_maximum_subarray.go:36.2,36.17 1 0
github.com/nashmaniac/leetcode/golang/53_maximum_subarray.go:27.20,29.3 1 0
github.com/nashmaniac/leetcode/golang/53_maximum_subarray.go:32.33,35.3 2 0
github.com/nashmaniac/leetcode/golang/53_maximum_subarray.go:39.34,42.2 2 0
github.com/nashmaniac/leetcode/golang/82_removed_duplicate_from_sorted_list_ii.go:6.88,12.18 4 0
github.com/nashmaniac/leetcode/golang/82_removed_duplicate_from_sorted_list_ii.go:23.2,23.22 1 0
github.com/nashmaniac/leetcode/golang/82_removed_duplicate_from_sorted_list_ii.go:12.18,13.52 1 0
github.com/nashmaniac/leetcode/golang/82_removed_duplicate_from_sorted_list_ii.go:21.3,21.19 1 0
github.com/nashmaniac/leetcode/golang/82_removed_duplicate_from_sorted_list_ii.go:13.52,14.54 1 0
github.com/nashmaniac/leetcode/golang/82_removed_duplicate_from_sorted_list_ii.go:17.4,17.25 1 0
github.com/nashmaniac/leetcode/golang/82_removed_duplicate_from_sorted_list_ii.go:14.54,16.5 1 0
github.com/nashmaniac/leetcode/golang/82_removed_duplicate_from_sorted_list_ii.go:18.9,20.4 1 0
github.com/nashmaniac/leetcode/golang/82_removed_duplicate_from_sorted_list_ii.go:26.51,29.2 2 0
github.com/nashmaniac/leetcode/golang/141_linked_list_cycle.go:6.66,10.21 3 0
github.com/nashmaniac/leetcode/golang/141_linked_list_cycle.go:18.2,18.14 1 0
github.com/nashmaniac/leetcode/golang/141_linked_list_cycle.go:10.21,11.37 1 0
github.com/nashmaniac/leetcode/golang/141_linked_list_cycle.go:16.3,16.25 1 0
github.com/nashmaniac/leetcode/golang/141_linked_list_cycle.go:11.37,13.4 1 0
github.com/nashmaniac/leetcode/golang/141_linked_list_cycle.go:13.9,15.4 1 0
github.com/nashmaniac/leetcode/golang/141_linked_list_cycle.go:21.66,22.17 1 0
github.com/nashmaniac/leetcode/golang/141_linked_list_cycle.go:25.2,28.33 3 0
github.com/nashmaniac/leetcode/golang/141_linked_list_cycle.go:35.2,35.13 1 0
github.com/nashmaniac/leetcode/golang/141_linked_list_cycle.go:22.17,24.3 1 0
github.com/nashmaniac/leetcode/golang/141_linked_list_cycle.go:28.33,29.52 1 0
github.com/nashmaniac/leetcode/golang/141_linked_list_cycle.go:32.3,33.38 2 0
github.com/nashmaniac/leetcode/golang/141_linked_list_cycle.go:29.52,31.4 1 0
github.com/nashmaniac/leetcode/golang/141_linked_list_cycle.go:38.36,41.2 2 0
github.com/nashmaniac/leetcode/golang/142_linked_list_cycle_ii.go:6.73,10.21 3 0
github.com/nashmaniac/leetcode/golang/142_linked_list_cycle_ii.go:18.2,18.12 1 0
github.com/nashmaniac/leetcode/golang/142_linked_list_cycle_ii.go:10.21,11.37 1 0
github.com/nashmaniac/leetcode/golang/142_linked_list_cycle_ii.go:16.3,16.25 1 0
github.com/nashmaniac/leetcode/golang/142_linked_list_cycle_ii.go:11.37,13.4 1 0
github.com/nashmaniac/leetcode/golang/142_linked_list_cycle_ii.go:13.9,15.4 1 0
github.com/nashmaniac/leetcode/golang/142_linked_list_cycle_ii.go:21.73,22.17 1 0
github.com/nashmaniac/leetcode/golang/142_linked_list_cycle_ii.go:25.2,28.52 3 0
github.com/nashmaniac/leetcode/golang/142_linked_list_cycle_ii.go:40.2,40.12 1 0
github.com/nashmaniac/leetcode/golang/142_linked_list_cycle_ii.go:22.17,24.3 1 0
github.com/nashmaniac/leetcode/golang/142_linked_list_cycle_ii.go:28.52,31.33 3 0
github.com/nashmaniac/leetcode/golang/142_linked_list_cycle_ii.go:31.33,33.30 2 0
github.com/nashmaniac/leetcode/golang/142_linked_list_cycle_ii.go:37.4,37.17 1 0
github.com/nashmaniac/leetcode/golang/142_linked_list_cycle_ii.go:33.30,36.5 2 0
github.com/nashmaniac/leetcode/golang/142_linked_list_cycle_ii.go:43.44,46.2 2 0
github.com/nashmaniac/leetcode/golang/206_reverse_linked_list.go:6.73,8.18 2 0
github.com/nashmaniac/leetcode/golang/206_reverse_linked_list.go:14.2,14.13 1 0
github.com/nashmaniac/leetcode/golang/206_reverse_linked_list.go:8.18,13.3 4 0
github.com/nashmaniac/leetcode/golang/206_reverse_linked_list.go:17.44,20.2 2 0
github.com/nashmaniac/leetcode/golang/122_best_time_to_buy_and_sell_stock_ii.go:6.69,8.35 2 0
github.com/nashmaniac/leetcode/golang/122_best_time_to_buy_and_sell_stock_ii.go:11.2,11.12 1 0
github.com/nashmaniac/leetcode/golang/122_best_time_to_buy_and_sell_stock_ii.go:8.35,10.3 1 0
github.com/nashmaniac/leetcode/golang/122_best_time_to_buy_and_sell_stock_ii.go:14.36,17.2 2 0
github.com/nashmaniac/leetcode/golang/198_house_robber.go:6.57,7.20 1 0
github.com/nashmaniac/leetcode/golang/198_house_robber.go:11.2,11.20 1 0
github.com/nashmaniac/leetcode/golang/198_house_robber.go:15.2,19.35 4 0
github.com/nashmaniac/leetcode/golang/198_house_robber.go:23.2,23.26 1 0
github.com/nashmaniac/leetcode/golang/198_house_robber.go:7.20,9.3 1 0
github.com/nashmaniac/leetcode/golang/198_house_robber.go:11.20,13.3 1 0
github.com/nashmaniac/leetcode/golang/198_house_robber.go:19.35,21.3 1 0
github.com/nashmaniac/leetcode/golang/198_house_robber.go:26.26,29.2 2 0
github.com/nashmaniac/leetcode/golang/268_missing_number.go:3.36,5.27 2 0
github.com/nashmaniac/leetcode/golang/268_missing_number.go:9.2,10.36 2 0
github.com/nashmaniac/leetcode/golang/268_missing_number.go:5.27,7.3 1 0
